<?xml version="1.0" encoding="UTF-8"?>
<testng-results skipped="0" failed="0" total="1" passed="1">
  <reporter-output>
  </reporter-output>
  <suite name="Default suite" duration-ms="13542" started-at="2019-03-25T06:02:18Z" finished-at="2019-03-25T06:02:32Z">
    <groups>
    </groups>
    <test name="Default test" duration-ms="13542" started-at="2019-03-25T06:02:18Z" finished-at="2019-03-25T06:02:32Z">
      <class name="login.day01">
        <test-method status="PASS" signature="setUp()[pri:0, instance:login.day01@387c703b]" name="setUp" is-config="true" duration-ms="2848" started-at="2019-03-25T14:02:18Z" finished-at="2019-03-25T14:02:21Z">
          <reporter-output>
          </reporter-output>
        </test-method> <!-- setUp -->
        <test-method status="PASS" signature="testUntitled()[pri:0, instance:login.day01@387c703b]" name="testUntitled" duration-ms="10684" started-at="2019-03-25T14:02:21Z" finished-at="2019-03-25T14:02:32Z">
          <reporter-output>
          </reporter-output>
        </test-method> <!-- testUntitled -->
      </class> <!-- login.day01 -->
    </test> <!-- Default test -->
  </suite> <!-- Default suite -->
</testng-results>
